<?xml version="1.0" encoding="UTF-8"?>
<!-- Generated by org.testng.reporters.JUnitXMLReporter -->
<testsuite ignored="0" hostname="E0727241" failures="0" tests="0" name="Chrome Test" time="3.503" errors="0" timestamp="2024-07-16T22:56:58 EET">
  <testcase classname="utilities.TestBase" name="@BeforeTest setBrowserType" time="0.038">
    <failure type="java.lang.NullPointerException" message="Cannot invoke &amp;quot;String.trim()&amp;quot; because the return value of &amp;quot;java.util.Properties.getProperty(String)&amp;quot; is null">
      <![CDATA[java.lang.NullPointerException: Cannot invoke "String.trim()" because the return value of "java.util.Properties.getProperty(String)" is null
at utilities.readers.PropertiesReader.getPropertyUsingKey(PropertiesReader.java:27)
at utilities.ConfigUtil.loadTestConfigurations(ConfigUtil.java:32)
at utilities.TestBase.setBrowserType(TestBase.java:95)
at java.base/java.util.concurrent.FutureTask.run(FutureTask.java:264)
at java.base/java.util.concurrent.ThreadPoolExecutor.runWorker(ThreadPoolExecutor.java:1136)
at java.base/java.util.concurrent.ThreadPoolExecutor$Worker.run(ThreadPoolExecutor.java:635)
at java.base/java.lang.Thread.run(Thread.java:833)
... Removed 12 stack frames]]>
    </failure>
  </testcase> <!-- @BeforeTest setBrowserType -->
  <testcase classname="utilities.TestBase" name="@BeforeTest setEnvironment" time="0.0">
    <skipped/>
  </testcase> <!-- @BeforeTest setEnvironment -->
  <testcase classname="utilities.TestBase" name="@AfterTest quitDriver" time="0.0">
    <skipped/>
  </testcase> <!-- @AfterTest quitDriver -->
</testsuite> <!-- Chrome Test -->
