<?xml version="1.0" encoding="UTF-8"?>
<testng-results ignored="0" total="0" passed="0" failed="0" skipped="0">
  <reporter-output>
  </reporter-output>
  <suite started-at="2024-07-16T22:56:54 EET" name="IkeaSA" finished-at="2024-07-16T22:56:58 EET" duration-ms="3503">
    <groups>
      <group name="cucumber">
        <method signature="AbstractTestNGCucumberTests.runScenario(io.cucumber.testng.PickleWrapper,io.cucumber.testng.FeatureWrapper)[pri:0, instance:testRunner.FETestRunner@2f217633]" name="runScenario" class="io.cucumber.testng.AbstractTestNGCucumberTests"/>
      </group> <!-- cucumber -->
    </groups>
    <test started-at="2024-07-16T22:56:54 EET" name="Chrome Test" finished-at="2024-07-16T22:56:58 EET" duration-ms="3503">
      <class name="testRunner.FETestRunner">
        <test-method is-config="true" signature="setBrowserType(java.lang.String)[pri:0, instance:testRunner.FETestRunner@2f217633]" started-at="2024-07-16T22:56:54 EET" name="setBrowserType" finished-at="2024-07-16T22:56:54 EET" duration-ms="38" status="FAIL">
          <params>
            <param index="0">
              <value>
                <![CDATA[Chrome]]>
              </value>
            </param>
          </params>
          <exception class="java.lang.NullPointerException">
            <message>
              <![CDATA[Cannot invoke "String.trim()" because the return value of "java.util.Properties.getProperty(String)" is null]]>
            </message>
            <full-stacktrace>
              <![CDATA[java.lang.NullPointerException: Cannot invoke "String.trim()" because the return value of "java.util.Properties.getProperty(String)" is null
at utilities.readers.PropertiesReader.getPropertyUsingKey(PropertiesReader.java:27)
at utilities.ConfigUtil.loadTestConfigurations(ConfigUtil.java:32)
at utilities.TestBase.setBrowserType(TestBase.java:95)
at java.base/jdk.internal.reflect.DirectMethodHandleAccessor.invoke(DirectMethodHandleAccessor.java:104)
at java.base/java.lang.reflect.Method.invoke(Method.java:577)
at org.testng.internal.invokers.MethodInvocationHelper.invokeMethod(MethodInvocationHelper.java:141)
at org.testng.internal.invokers.MethodInvocationHelper.invokeMethodConsideringTimeout(MethodInvocationHelper.java:71)
at org.testng.internal.invokers.ConfigInvoker.invokeConfigurationMethod(ConfigInvoker.java:400)
at org.testng.internal.invokers.ConfigInvoker.invokeConfigurations(ConfigInvoker.java:333)
at org.testng.TestRunner.invokeTestConfigurations(TestRunner.java:655)
at org.testng.TestRunner.beforeRun(TestRunner.java:644)
at org.testng.TestRunner.run(TestRunner.java:610)
at org.testng.SuiteRunner.runTest(SuiteRunner.java:421)
at org.testng.SuiteRunner$SuiteWorker.run(SuiteRunner.java:463)
at org.testng.internal.thread.ThreadUtil.lambda$execute$0(ThreadUtil.java:64)
at java.base/java.util.concurrent.FutureTask.run(FutureTask.java:264)
at java.base/java.util.concurrent.ThreadPoolExecutor.runWorker(ThreadPoolExecutor.java:1136)
at java.base/java.util.concurrent.ThreadPoolExecutor$Worker.run(ThreadPoolExecutor.java:635)
at java.base/java.lang.Thread.run(Thread.java:833)
]]>
            </full-stacktrace>
          </exception> <!-- java.lang.NullPointerException -->
          <reporter-output>
          </reporter-output>
        </test-method> <!-- setBrowserType -->
        <test-method is-config="true" signature="setEnvironment()[pri:0, instance:testRunner.FETestRunner@2f217633]" started-at="2024-07-16T22:56:54 EET" name="setEnvironment" finished-at="2024-07-16T22:56:54 EET" duration-ms="0" status="SKIP">
          <reporter-output>
          </reporter-output>
        </test-method> <!-- setEnvironment -->
        <test-method is-config="true" signature="setUpClass(org.testng.ITestContext)[pri:0, instance:testRunner.FETestRunner@2f217633]" started-at="2024-07-16T22:56:54 EET" name="setUpClass" finished-at="2024-07-16T22:56:56 EET" duration-ms="1868" status="PASS">
          <params>
            <param index="0">
              <value>
                <![CDATA[org.testng.TestRunner@7526515b]]>
              </value>
            </param>
          </params>
          <reporter-output>
          </reporter-output>
        </test-method> <!-- setUpClass -->
        <test-method is-config="true" signature="tearDownClass()[pri:0, instance:testRunner.FETestRunner@2f217633]" started-at="2024-07-16T22:56:56 EET" name="tearDownClass" finished-at="2024-07-16T22:56:58 EET" duration-ms="1491" status="PASS">
          <reporter-output>
          </reporter-output>
        </test-method> <!-- tearDownClass -->
        <test-method is-config="true" signature="quitDriver()[pri:0, instance:testRunner.FETestRunner@2f217633]" started-at="2024-07-16T22:56:58 EET" name="quitDriver" finished-at="2024-07-16T22:56:58 EET" duration-ms="0" status="SKIP">
          <reporter-output>
          </reporter-output>
        </test-method> <!-- quitDriver -->
      </class> <!-- testRunner.FETestRunner -->
    </test> <!-- Chrome Test -->
  </suite> <!-- IkeaSA -->
</testng-results>
